2021-03-23 12:16:59,690 - INFO -  
2021-03-23 12:16:59,691 - INFO - ********* Starting HUMAN-MACHINE-INTERFACE for SM-13 **********
2021-03-23 12:16:59,831 - INFO - Fixture harness stall function is enabled
2021-03-23 12:17:00,731 - INFO - Stopping movement TOTAL
2021-03-23 12:17:00,732 - ERROR - Attempting to connect to NFC
2021-03-23 12:17:08,905 - INFO - System files loaded:
2021-03-23 12:17:08,905 - INFO - HX file        : /home/gspc/Proyectos/SM-13/hmi/cfg_files/Heat_exchangers/_cne_purificador_3335_HX2/tubesheet.csv
2021-03-23 12:17:08,905 - INFO - Inspection Plan: /home/gspc/Proyectos/SM-13/hmi/cfg_files/Heat_exchangers/_cne_purificador_3335_HX2/InspPlan3_M_2.csv
2021-03-23 12:17:08,905 - INFO - Fixture Model  : /home/gspc/Proyectos/SM-13/hmi/cfg_files/Robots/Zetec/SM-13.csv
2021-03-23 12:17:14,033 - INFO - Fixture harness stall function is disabled
2021-03-23 12:17:14,745 - INFO - Fixture harness main control is enabled
2021-03-23 12:17:16,652 - INFO - Starting SM-13 simulator
2021-03-23 12:17:30,747 - INFO - Moving to tube ROW : 1, COL : 55
2021-03-23 12:17:35,947 - INFO - Pivot type: main
2021-03-23 12:17:35,947 - INFO - Resolver values calculation: POLE 46684.75164444445, ARM 14768.537600000001
2021-03-23 12:17:35,947 - INFO - Current resolver values    : POLE 22657, ARM 55801
2021-03-23 12:17:35,947 - INFO - Offsets calculation    : POLE -24027, ARM 41032
2021-03-23 12:17:35,947 - ERROR - Calibration point error
2021-03-23 12:21:30,218 - INFO - ---------- Closing HUMAN-MACHINE-INTERFACE for SM-13 -----------
2021-03-23 12:21:35,757 - INFO -  
2021-03-23 12:21:35,758 - INFO - ********* Starting HUMAN-MACHINE-INTERFACE for SM-13 **********
2021-03-23 12:21:35,888 - INFO - Fixture harness stall function is enabled
2021-03-23 12:21:36,708 - INFO - Stopping movement TOTAL
2021-03-23 12:21:36,708 - ERROR - Attempting to connect to NFC
2021-03-23 12:21:45,670 - INFO - System files loaded:
2021-03-23 12:21:45,670 - INFO - HX file        : /home/gspc/Proyectos/SM-13/hmi/cfg_files/Heat_exchangers/_cne_purificador_3335_HX2/tubesheet.csv
2021-03-23 12:21:45,670 - INFO - Inspection Plan: /home/gspc/Proyectos/SM-13/hmi/cfg_files/Heat_exchangers/_cne_purificador_3335_HX2/InspPlan3_M_2.csv
2021-03-23 12:21:45,670 - INFO - Fixture Model  : /home/gspc/Proyectos/SM-13/hmi/cfg_files/Robots/Zetec/SM-13.csv
2021-03-23 12:21:48,738 - INFO - Fixture harness main control is enabled
2021-03-23 12:21:49,314 - INFO - Fixture harness stall function is disabled
2021-03-23 12:21:50,750 - INFO - Starting SM-13 simulator
2021-03-23 12:22:07,516 - INFO - Moving to tube ROW : 1, COL : 55
2021-03-23 12:22:14,721 - INFO - Pivot type: main
2021-03-23 12:22:14,722 - INFO - Resolver values calculation: POLE 46684.75164444445, ARM 14768.537600000001
2021-03-23 12:22:14,722 - INFO - Current resolver values    : POLE 22657, ARM 55801
2021-03-23 12:22:14,722 - INFO - Offsets calculation    : POLE 41509, ARM 41032
2021-03-23 12:22:14,723 - INFO - POLE offset previous: 41588, ARM offset previous: 42925

2021-03-23 12:22:14,724 - INFO - POLE offset now     : 41509, ARM offset now     : 41032
2021-03-23 12:22:14,724 - INFO - Calibration point success at COL: 55, ROW: 1
2021-03-23 12:22:31,453 - INFO - Fixture alternative pivot type selected
2021-03-23 12:22:34,032 - INFO - Moving to tube ROW : 1, COL : 55
2021-03-23 12:22:56,340 - INFO - Pivot type: alternative
2021-03-23 12:22:56,340 - INFO - Resolver values calculation: POLE 22969.09368888889, ARM 50767.462400000004
2021-03-23 12:22:56,340 - INFO - Current resolver values    : POLE 64477, ARM 26263
2021-03-23 12:22:56,340 - INFO - Offsets calculation    : POLE 107043, ARM 41031
2021-03-23 12:22:56,341 - ERROR - Calibration point error
2021-03-23 12:27:57,734 - INFO - ---------- Closing HUMAN-MACHINE-INTERFACE for SM-13 -----------
2021-03-23 12:28:03,175 - INFO -  
2021-03-23 12:28:03,175 - INFO - ********* Starting HUMAN-MACHINE-INTERFACE for SM-13 **********
2021-03-23 12:28:03,297 - INFO - Fixture harness stall function is enabled
2021-03-23 12:28:04,108 - INFO - Stopping movement TOTAL
2021-03-23 12:28:04,109 - ERROR - Attempting to connect to NFC
2021-03-23 12:28:13,348 - INFO - System files loaded:
2021-03-23 12:28:13,348 - INFO - HX file        : /home/gspc/Proyectos/SM-13/hmi/cfg_files/Heat_exchangers/_cne_purificador_3335_HX2/tubesheet.csv
2021-03-23 12:28:13,348 - INFO - Inspection Plan: /home/gspc/Proyectos/SM-13/hmi/cfg_files/Heat_exchangers/_cne_purificador_3335_HX2/InspPlan3_M_2.csv
2021-03-23 12:28:13,348 - INFO - Fixture Model  : /home/gspc/Proyectos/SM-13/hmi/cfg_files/Robots/Zetec/SM-13.csv
2021-03-23 12:28:15,233 - INFO - Fixture harness main control is enabled
2021-03-23 12:28:15,785 - INFO - Fixture harness stall function is disabled
2021-03-23 12:28:17,391 - INFO - Starting SM-13 simulator
2021-03-23 12:28:32,859 - INFO - Moving to tube ROW : 1, COL : 55
2021-03-23 12:28:37,847 - INFO - Pivot type: main
2021-03-23 12:28:37,847 - INFO - Resolver values calculation: POLE 46684.75164444445, ARM 14768.537600000001
2021-03-23 12:28:37,847 - INFO - Current resolver values    : POLE 22657, ARM 55801
2021-03-23 12:28:37,847 - INFO - Offsets calculation    : POLE 41509, ARM 41032
2021-03-23 12:28:43,632 - INFO - Fixture alternative pivot type selected
2021-03-23 12:28:54,284 - INFO - Moving to tube ROW : 1, COL : 55
2021-03-23 12:28:56,105 - INFO - Moving to tube ROW : 1, COL : 55
2021-03-23 12:28:58,052 - INFO - Moving to tube ROW : 1, COL : 55
2021-03-23 12:29:02,122 - INFO - Pivot type: alternative
2021-03-23 12:29:02,122 - INFO - Resolver values calculation: POLE 22969.09368888889, ARM 50767.462400000004
2021-03-23 12:29:02,122 - INFO - Current resolver values    : POLE 64477, ARM 26263
2021-03-23 12:29:02,123 - INFO - Offsets calculation    : POLE 107043, ARM 41031
2021-03-23 12:29:02,124 - ERROR - Calibration point error
2021-03-23 12:32:52,377 - INFO - ---------- Closing HUMAN-MACHINE-INTERFACE for SM-13 -----------
2021-03-23 12:34:22,420 - INFO -  
2021-03-23 12:34:22,420 - INFO - ********* Starting HUMAN-MACHINE-INTERFACE for SM-13 **********
2021-03-23 12:34:22,547 - INFO - Fixture harness stall function is enabled
2021-03-23 12:34:23,372 - INFO - Stopping movement TOTAL
2021-03-23 12:34:23,373 - ERROR - Attempting to connect to NFC
2021-03-23 12:34:30,394 - INFO - System files loaded:
2021-03-23 12:34:30,394 - INFO - HX file        : /home/gspc/Proyectos/SM-13/hmi/cfg_files/Heat_exchangers/_cne_purificador_3335_HX2/tubesheet.csv
2021-03-23 12:34:30,394 - INFO - Inspection Plan: /home/gspc/Proyectos/SM-13/hmi/cfg_files/Heat_exchangers/_cne_purificador_3335_HX2/InspPlan3_M_2.csv
2021-03-23 12:34:30,394 - INFO - Fixture Model  : /home/gspc/Proyectos/SM-13/hmi/cfg_files/Robots/Zetec/SM-13.csv
2021-03-23 12:34:31,627 - INFO - Fixture harness main control is enabled
2021-03-23 12:34:32,112 - INFO - Fixture harness stall function is disabled
2021-03-23 12:34:33,646 - INFO - Starting SM-13 simulator
2021-03-23 12:34:42,080 - INFO - Moving to tube ROW : 1, COL : 55
2021-03-23 12:34:47,859 - INFO - Pivot type: main
2021-03-23 12:34:47,859 - INFO - Resolver values calculation: POLE 46684.75164444445, ARM 14768.537600000001
2021-03-23 12:34:47,859 - INFO - Current resolver values    : POLE 22657, ARM 55801
2021-03-23 12:34:47,859 - INFO - Offsets calculation    : POLE 41509, ARM 41032
2021-03-23 12:34:51,624 - INFO - Fixture alternative pivot type selected
2021-03-23 12:34:54,421 - INFO - Moving to tube ROW : 1, COL : 55
2021-03-23 12:34:58,317 - INFO - Pivot type: alternative
2021-03-23 12:34:58,317 - INFO - Resolver values calculation: POLE 22969.09368888889, ARM 50767.462400000004
2021-03-23 12:34:58,317 - INFO - Current resolver values    : POLE 64477, ARM 26263
2021-03-23 12:34:58,317 - INFO - Offsets calculation    : POLE 41507, ARM 41032
2021-03-23 12:34:58,319 - INFO - POLE offset previous: 41509, ARM offset previous: 41032
2021-03-23 12:34:58,319 - INFO - POLE offset now     : 41507, ARM offset now     : 41032
2021-03-23 12:34:58,319 - INFO - Calibration point success at COL: 55, ROW: 1
2021-03-23 12:35:21,792 - INFO - Moving to tube ROW : 1, COL : 1
2021-03-23 13:33:01,615 - INFO - ---------- Closing HUMAN-MACHINE-INTERFACE for SM-13 -----------
2021-03-23 13:33:05,478 - INFO -  
2021-03-23 13:33:05,478 - INFO - ********* Starting HUMAN-MACHINE-INTERFACE for SM-13 **********
2021-03-23 13:33:05,597 - INFO - Fixture harness stall function is enabled
2021-03-23 13:33:06,510 - INFO - Stopping movement TOTAL
2021-03-23 13:33:06,510 - ERROR - Attempting to connect to NFC
2021-03-23 13:33:14,994 - INFO - System files loaded:
2021-03-23 13:33:14,994 - INFO - HX file        : /home/gspc/Proyectos/SM-13/hmi/cfg_files/Heat_exchangers/_cne_purificador_3335_HX2/tubesheet.csv
2021-03-23 13:33:14,994 - INFO - Inspection Plan: /home/gspc/Proyectos/SM-13/hmi/cfg_files/Heat_exchangers/_cne_purificador_3335_HX2/InspPlan3_M_2.csv
2021-03-23 13:33:14,994 - INFO - Fixture Model  : /home/gspc/Proyectos/SM-13/hmi/cfg_files/Robots/Zetec/SM-13.csv
2021-03-23 13:33:18,911 - INFO - Fixture harness main control is enabled
2021-03-23 13:33:19,430 - INFO - Fixture harness stall function is disabled
2021-03-23 13:33:21,025 - INFO - Starting SM-13 simulator
2021-03-23 13:33:28,031 - INFO - Moving to tube ROW : 1, COL : 1
2021-03-23 13:33:32,470 - INFO - Pivot type: main
2021-03-23 13:33:32,470 - INFO - Resolver values calculation: POLE 6411.241244444445, ARM 20074.222933333334
2021-03-23 13:33:32,470 - INFO - Current resolver values    : POLE 48000, ARM 63000
2021-03-23 13:33:32,470 - INFO - Offsets calculation    : POLE 41588, ARM 42925
2021-03-23 13:33:32,472 - INFO - POLE offset previous: 41507, ARM offset previous: 41032
2021-03-23 13:33:32,472 - INFO - POLE offset now     : 41588, ARM offset now     : 42925
2021-03-23 13:33:32,472 - INFO - Calibration point success at COL: 1, ROW: 1
2021-03-23 13:33:59,281 - INFO - Fixture alternative pivot type selected
2021-03-23 13:34:01,755 - INFO - Moving to tube ROW : 1, COL : 1
2021-03-23 13:34:05,292 - INFO - Pivot type: alternative
2021-03-23 13:34:05,292 - INFO - Resolver values calculation: POLE 55788.79431111111, ARM 45461.77706666667
2021-03-23 13:34:05,292 - INFO - Current resolver values    : POLE 64477, ARM 26263
2021-03-23 13:34:05,292 - INFO - Offsets calculation    : POLE 8688, ARM 46338
2021-03-23 13:34:05,293 - INFO - POLE offset previous: 41588, ARM offset previous: 42925
2021-03-23 13:34:05,293 - INFO - POLE offset now     : 8688, ARM offset now     : 46338
2021-03-23 13:34:05,294 - INFO - Calibration point success at COL: 1, ROW: 1
2021-03-23 13:36:45,275 - INFO - Moving to tube ROW : 9, COL : 20
2021-03-23 13:36:54,228 - INFO - Fixture main pivot type selected
2021-03-23 13:36:56,999 - INFO - Moving to tube ROW : 9, COL : 20
2021-03-23 13:38:58,255 - INFO - ---------- Closing HUMAN-MACHINE-INTERFACE for SM-13 -----------
2021-03-23 13:39:00,703 - INFO -  
2021-03-23 13:39:00,703 - INFO - ********* Starting HUMAN-MACHINE-INTERFACE for SM-13 **********
2021-03-23 13:39:00,829 - INFO - Fixture harness stall function is enabled
2021-03-23 13:39:01,635 - INFO - Stopping movement TOTAL
2021-03-23 13:39:01,635 - ERROR - Attempting to connect to NFC
2021-03-23 13:39:09,269 - INFO - System files loaded:
2021-03-23 13:39:09,269 - INFO - HX file        : /home/gspc/Proyectos/SM-13/hmi/cfg_files/Heat_exchangers/_cne_purificador_3335_HX2/tubesheet.csv
2021-03-23 13:39:09,269 - INFO - Inspection Plan: /home/gspc/Proyectos/SM-13/hmi/cfg_files/Heat_exchangers/_cne_purificador_3335_HX2/InspPlan3_M_2.csv
2021-03-23 13:39:09,269 - INFO - Fixture Model  : /home/gspc/Proyectos/SM-13/hmi/cfg_files/Robots/Zetec/SM-13.csv
2021-03-23 13:39:10,934 - INFO - Fixture harness main control is enabled
2021-03-23 13:39:11,565 - INFO - Fixture harness stall function is disabled
2021-03-23 13:39:13,039 - INFO - Starting SM-13 simulator
2021-03-23 13:39:29,712 - INFO - Moving to tube ROW : 9, COL : 20
2021-03-23 13:39:34,719 - INFO - Pivot type: main
2021-03-23 13:39:34,720 - INFO - Resolver values calculation: POLE 26555.733333333334, ARM 3949.2721777777774
2021-03-23 13:39:34,720 - INFO - Current resolver values    : POLE 1635, ARM 45522
2021-03-23 13:39:34,720 - INFO - Offsets calculation    : POLE 40616, ARM 41572
2021-03-23 13:39:34,721 - INFO - POLE offset previous: 8688, ARM offset previous: 46338
2021-03-23 13:39:34,721 - INFO - POLE offset now     : 40616, ARM offset now     : 41572
2021-03-23 13:39:34,721 - INFO - Calibration point success at COL: 20, ROW: 9
2021-03-23 13:39:49,485 - INFO - Fixture alternative pivot type selected
2021-03-23 13:39:55,663 - INFO - Moving to tube ROW : 1, COL : 1
2021-03-23 13:39:59,035 - INFO - Pivot type: alternative
2021-03-23 13:39:59,035 - INFO - Resolver values calculation: POLE 55788.79431111111, ARM 45461.77706666667
2021-03-23 13:39:59,035 - INFO - Current resolver values    : POLE 31851, ARM 20949
2021-03-23 13:39:59,036 - INFO - Offsets calculation    : POLE 41599, ARM 41024
2021-03-23 13:39:59,036 - INFO - POLE offset previous: 40616, ARM offset previous: 41572
2021-03-23 13:39:59,037 - INFO - POLE offset now     : 41599, ARM offset now     : 41024
2021-03-23 13:39:59,037 - INFO - Calibration point success at COL: 1, ROW: 1
2021-03-23 13:42:08,654 - INFO -  
2021-03-23 13:42:08,654 - INFO - ********* Starting HUMAN-MACHINE-INTERFACE for SM-13 **********
2021-03-23 13:42:08,780 - INFO - Fixture harness stall function is enabled
2021-03-23 13:42:09,599 - INFO - Stopping movement TOTAL
2021-03-23 13:42:09,599 - ERROR - Attempting to connect to NFC
2021-03-23 13:42:18,379 - INFO - System files loaded:
2021-03-23 13:42:18,379 - INFO - HX file        : /home/gspc/Proyectos/SM-13/hmi/cfg_files/Heat_exchangers/_cne_purificador_3335_HX2/tubesheet.csv
2021-03-23 13:42:18,380 - INFO - Inspection Plan: /home/gspc/Proyectos/SM-13/hmi/cfg_files/Heat_exchangers/_cne_purificador_3335_HX2/InspPlan3_M_2.csv
2021-03-23 13:42:18,380 - INFO - Fixture Model  : /home/gspc/Proyectos/SM-13/hmi/cfg_files/Robots/Zetec/SM-13.csv
2021-03-23 13:42:20,926 - INFO - Fixture harness main control is enabled
2021-03-23 13:42:21,973 - INFO - Fixture harness stall function is disabled
2021-03-23 13:42:23,593 - INFO - Starting SM-13 simulator
2021-03-23 13:42:48,015 - INFO - Moving to tube ROW : 1, COL : 55
2021-03-23 13:42:57,877 - INFO - Pivot type: main
2021-03-23 13:42:57,878 - INFO - Resolver values calculation: POLE 46684.75164444445, ARM 14768.537600000001
2021-03-23 13:42:57,878 - INFO - Current resolver values    : POLE 22657, ARM 55801
2021-03-23 13:42:57,878 - INFO - Offsets calculation    : POLE 41509, ARM 41032
2021-03-23 13:42:57,879 - INFO - POLE offset previous: 41599, ARM offset previous: 41024
2021-03-23 13:42:57,879 - INFO - POLE offset now     : 41509, ARM offset now     : 41032
2021-03-23 13:42:57,879 - INFO - Calibration point success at COL: 55, ROW: 1
2021-03-23 13:43:02,550 - INFO - Fixture alternative pivot type selected
2021-03-23 13:43:04,819 - INFO - Moving to tube ROW : 1, COL : 55
2021-03-23 13:43:17,063 - INFO - Pivot type: alternative
2021-03-23 13:43:17,063 - INFO - Resolver values calculation: POLE 22969.09368888889, ARM 50767.462400000004
2021-03-23 13:43:17,063 - INFO - Current resolver values    : POLE 64477, ARM 26263
2021-03-23 13:43:17,063 - INFO - Offsets calculation    : POLE 41507, ARM 41032
2021-03-23 13:43:17,064 - INFO - POLE offset previous: 41509, ARM offset previous: 41032
2021-03-23 13:43:17,064 - INFO - POLE offset now     : 41507, ARM offset now     : 41032
2021-03-23 13:43:17,064 - INFO - Calibration point success at COL: 55, ROW: 1
2021-03-23 13:43:53,915 - INFO - Fixture main pivot type selected
2021-03-23 13:44:01,143 - INFO - Moving to tube ROW : 1, COL : 55
2021-03-23 13:44:06,390 - INFO - Pivot type: main
2021-03-23 13:44:06,391 - INFO - Resolver values calculation: POLE 46684.75164444445, ARM 14768.537600000001
2021-03-23 13:44:06,391 - INFO - Current resolver values    : POLE 22657, ARM 55801
2021-03-23 13:44:06,391 - INFO - Offsets calculation    : POLE 41509, ARM 41032
2021-03-23 13:44:06,391 - INFO - POLE offset previous: 41507, ARM offset previous: 41032
2021-03-23 13:44:06,392 - INFO - POLE offset now     : 41509, ARM offset now     : 41032
2021-03-23 13:44:06,392 - INFO - Calibration point success at COL: 55, ROW: 1
2021-03-23 13:44:23,038 - INFO - Fixture alternative pivot type selected
2021-03-23 13:44:26,830 - INFO - Moving to tube ROW : 1, COL : 55
2021-03-23 13:44:32,078 - INFO - Pivot type: alternative
2021-03-23 13:44:32,078 - INFO - Resolver values calculation: POLE 22969.09368888889, ARM 50767.462400000004
2021-03-23 13:44:32,078 - INFO - Current resolver values    : POLE 64477, ARM 26263
2021-03-23 13:44:32,078 - INFO - Offsets calculation    : POLE 41507, ARM 41032
2021-03-23 13:44:32,079 - INFO - POLE offset previous: 41509, ARM offset previous: 41032
2021-03-23 13:44:32,080 - INFO - POLE offset now     : 41507, ARM offset now     : 41032
2021-03-23 13:44:32,080 - INFO - Calibration point success at COL: 55, ROW: 1
2021-03-23 13:46:28,080 - INFO -  
2021-03-23 13:46:28,080 - INFO - ********* Starting HUMAN-MACHINE-INTERFACE for SM-13 **********
2021-03-23 13:46:28,208 - INFO - Fixture harness stall function is enabled
2021-03-23 13:46:29,029 - INFO - Stopping movement TOTAL
2021-03-23 13:46:29,030 - ERROR - Attempting to connect to NFC
2021-03-23 13:46:35,625 - INFO - System files loaded:
2021-03-23 13:46:35,626 - INFO - HX file        : /home/gspc/Proyectos/SM-13/hmi/cfg_files/Heat_exchangers/_cne_purificador_3335_HX2/tubesheet.csv
2021-03-23 13:46:35,626 - INFO - Inspection Plan: /home/gspc/Proyectos/SM-13/hmi/cfg_files/Heat_exchangers/_cne_purificador_3335_HX2/InspPlan3_M_2.csv
2021-03-23 13:46:35,626 - INFO - Fixture Model  : /home/gspc/Proyectos/SM-13/hmi/cfg_files/Robots/Zetec/SM-13.csv
2021-03-23 13:46:36,132 - INFO - System files loaded:
2021-03-23 13:46:36,132 - INFO - HX file        : /home/gspc/Proyectos/SM-13/hmi/cfg_files/Heat_exchangers/_cne_purificador_3335_HX2/tubesheet.csv
2021-03-23 13:46:36,132 - INFO - Inspection Plan: /home/gspc/Proyectos/SM-13/hmi/cfg_files/Heat_exchangers/_cne_purificador_3335_HX2/InspPlan3_M_2.csv
2021-03-23 13:46:36,132 - INFO - Fixture Model  : /home/gspc/Proyectos/SM-13/hmi/cfg_files/Robots/Zetec/SM-13.csv
2021-03-23 13:46:37,874 - INFO - Fixture harness main control is enabled
2021-03-23 13:46:38,548 - INFO - Fixture harness stall function is disabled
2021-03-23 13:46:39,999 - INFO - Starting SM-13 simulator
2021-03-23 13:46:55,403 - INFO - Moving to tube ROW : 9, COL : 20
2021-03-23 13:47:02,013 - INFO - Pivot type: main
2021-03-23 13:47:02,013 - INFO - Resolver values calculation: POLE 26555.733333333334, ARM 3949.2721777777774
2021-03-23 13:47:02,013 - INFO - Current resolver values    : POLE 1635, ARM 45522
2021-03-23 13:47:02,013 - INFO - Offsets calculation    : POLE 40616, ARM 41572
2021-03-23 13:47:02,014 - INFO - POLE offset previous: 41507, ARM offset previous: 41032
2021-03-23 13:47:02,014 - INFO - POLE offset now     : 40616, ARM offset now     : 41572
2021-03-23 13:47:02,014 - INFO - Calibration point success at COL: 20, ROW: 9
2021-03-25 09:50:59,987 - INFO -  
2021-03-25 09:51:00,014 - INFO - ********* Starting HUMAN-MACHINE-INTERFACE for SM-13 **********
2021-03-25 09:51:00,265 - INFO - Fixture harness stall function is enabled
2021-03-25 09:51:01,585 - INFO - Stopping movement TOTAL
2021-03-25 09:51:01,585 - ERROR - Attempting to connect to NFC
2021-03-25 09:51:17,079 - INFO - System files loaded:
2021-03-25 09:51:17,079 - INFO - HX file        : /home/gspc/Proyectos/SM-13/hmi/cfg_files/Heat_exchangers/_cne_purificador_3335_HX2/tubesheet.csv
2021-03-25 09:51:17,079 - INFO - Inspection Plan: /home/gspc/Proyectos/SM-13/hmi/cfg_files/Heat_exchangers/_cne_purificador_3335_HX2/InspPlan3_M_2.csv
2021-03-25 09:51:17,079 - INFO - Fixture Model  : /home/gspc/Proyectos/SM-13/hmi/cfg_files/Robots/Zetec/SM-13.csv
2021-03-25 09:53:21,658 - INFO - Fixture harness stall function is disabled
2021-03-25 09:53:26,370 - INFO - Fixture harness main control is enabled
2021-03-25 09:53:30,890 - INFO - Starting SM-13 simulator
2021-03-25 09:57:55,495 - INFO - ---------- Closing HUMAN-MACHINE-INTERFACE for SM-13 -----------
2021-03-25 09:57:58,972 - INFO -  
2021-03-25 09:57:58,972 - INFO - ********* Starting HUMAN-MACHINE-INTERFACE for SM-13 **********
2021-03-25 09:57:59,102 - INFO - Fixture harness stall function is enabled
2021-03-25 09:57:59,899 - INFO - Stopping movement TOTAL
2021-03-25 09:57:59,899 - ERROR - Attempting to connect to NFC
2021-03-25 09:58:11,372 - INFO - System files loaded:
2021-03-25 09:58:11,372 - INFO - HX file        : /home/gspc/Proyectos/SM-13/hmi/cfg_files/Heat_exchangers/_cne_purificador_3335_HX2/tubesheet.csv
2021-03-25 09:58:11,373 - INFO - Inspection Plan: /home/gspc/Proyectos/SM-13/hmi/cfg_files/Heat_exchangers/_cne_purificador_3335_HX2/InspPlan3_M_2.csv
2021-03-25 09:58:11,373 - INFO - Fixture Model  : /home/gspc/Proyectos/SM-13/hmi/cfg_files/Robots/Zetec/SM-13.csv
2021-03-25 09:58:13,455 - INFO - Fixture harness main control is enabled
2021-03-25 09:58:14,247 - INFO - Fixture harness stall function is disabled
2021-03-25 09:58:17,088 - INFO - Starting SM-13 simulator
2021-03-25 10:03:14,178 - INFO - Moving to tube ROW : 1, COL : 1
2021-03-25 10:06:06,371 - INFO - System files loaded:
2021-03-25 10:06:06,371 - INFO - HX file        : /home/gspc/Proyectos/SM-13/hmi/cfg_files/Heat_exchangers/_cne_purificador_3335_HX2/tubesheet.csv
2021-03-25 10:06:06,371 - INFO - Inspection Plan: /home/gspc/Proyectos/SM-13/hmi/cfg_files/Heat_exchangers/_cne_purificador_3335_HX2/InspPlan1_M_1.csv
2021-03-25 10:06:06,371 - INFO - Fixture Model  : /home/gspc/Proyectos/SM-13/hmi/cfg_files/Robots/Zetec/SM-13.csv
2021-03-25 10:06:07,332 - INFO - Calibration point success at COL: 1, ROW: 1
2021-03-25 10:06:59,671 - INFO - Closing SM-13 simulator
2021-03-25 10:44:34,780 - INFO - ---------- Closing HUMAN-MACHINE-INTERFACE for SM-13 -----------
2021-03-25 10:44:38,013 - INFO -  
2021-03-25 10:44:38,013 - INFO - ********* Starting HUMAN-MACHINE-INTERFACE for SM-13 **********
2021-03-25 10:44:38,143 - INFO - Fixture harness stall function is enabled
2021-03-25 10:44:38,937 - INFO - Stopping movement TOTAL
2021-03-25 10:44:38,937 - ERROR - Attempting to connect to NFC
2021-03-25 10:44:48,433 - INFO - System files loaded:
2021-03-25 10:44:48,433 - INFO - HX file        : /home/gspc/Proyectos/SM-13/hmi/cfg_files/Heat_exchangers/_cne_purificador_3335_HX2/tubesheet.csv
2021-03-25 10:44:48,433 - INFO - Inspection Plan: /home/gspc/Proyectos/SM-13/hmi/cfg_files/Heat_exchangers/_cne_purificador_3335_HX2/InspPlan1_M_1.csv
2021-03-25 10:44:48,433 - INFO - Fixture Model  : /home/gspc/Proyectos/SM-13/hmi/cfg_files/Robots/Zetec/SM-13.csv
2021-03-25 10:44:50,355 - INFO - Fixture harness main control is enabled
2021-03-25 10:44:51,003 - INFO - Fixture harness stall function is disabled
2021-03-25 10:44:53,013 - INFO - Starting SM-13 simulator
2021-03-25 10:48:21,842 - INFO - ---------- Closing HUMAN-MACHINE-INTERFACE for SM-13 -----------
2021-03-25 11:06:54,594 - INFO -  
2021-03-25 11:06:54,594 - INFO - ********* Starting HUMAN-MACHINE-INTERFACE for SM-13 **********
2021-03-25 11:06:54,721 - INFO - Fixture harness stall function is enabled
2021-03-25 11:06:55,528 - INFO - Stopping movement TOTAL
2021-03-25 11:06:55,528 - ERROR - Attempting to connect to NFC
2021-03-25 11:08:38,399 - INFO - ---------- Closing HUMAN-MACHINE-INTERFACE for SM-13 -----------
2021-03-25 14:12:49,215 - INFO -  
2021-03-25 14:12:49,215 - INFO - ********* Starting HUMAN-MACHINE-INTERFACE for SM-13 **********
2021-03-25 14:12:49,344 - INFO - Fixture harness stall function is enabled
2021-03-25 14:12:50,258 - INFO - Stopping movement TOTAL
2021-03-25 14:12:50,259 - ERROR - Attempting to connect to NFC
2021-03-25 14:15:23,217 - INFO - ---------- Closing HUMAN-MACHINE-INTERFACE for SM-13 -----------
2021-03-25 14:17:12,101 - INFO -  
2021-03-25 14:17:12,102 - INFO - ********* Starting HUMAN-MACHINE-INTERFACE for SM-13 **********
2021-03-25 14:17:12,225 - INFO - Fixture harness stall function is enabled
2021-03-25 14:17:13,031 - INFO - Stopping movement TOTAL
2021-03-25 14:17:13,031 - ERROR - Attempting to connect to NFC
2021-03-25 14:22:01,454 - INFO - ---------- Closing HUMAN-MACHINE-INTERFACE for SM-13 -----------
